<?xml version="1.0" encoding="UTF-8"?>
<testsuite xmlns:xsi="http://www.w3.org/2001/XMLSchema-instance" xsi:noNamespaceSchemaLocation="https://maven.apache.org/surefire/maven-surefire-plugin/xsd/surefire-test-report.xsd" name="macrocicloTests2.MacrocicloTests2" time="0.653" tests="6" errors="0" skipped="0" failures="0">
  <properties>
[...]
</properties>
  <testcase name="actualizarMacrocicloTest" classname="macrocicloTests2.MacrocicloTests2" time="0.584"/>
  <testcase name="crearMacrocicloNullTest" classname="macrocicloTests2.MacrocicloTests2" time="0"/>
  <testcase name="registrarMacrocicloTest" classname="macrocicloTests2.MacrocicloTests2" time="0.001"/>
  <testcase name="actualizarMacrocicloNullTest" classname="macrocicloTests2.MacrocicloTests2" time="0.001"/>
  <testcase name="validarMacrocicloExistente" classname="macrocicloTests2.MacrocicloTests2" time="0"/>
  <testcase name="actualizarMacrocicloInexistenteTest" classname="macrocicloTests2.MacrocicloTests2" time="0"/>
</testsuite>