<?xml version="1.0" encoding="UTF-8"?>
<testsuite xmlns:xsi="http://www.w3.org/2001/XMLSchema-instance" xsi:noNamespaceSchemaLocation="https://maven.apache.org/surefire/maven-surefire-plugin/xsd/surefire-test-report.xsd" name="mainTests.MainTests" time="0.059" tests="5" errors="0" skipped="0" failures="0">
  <properties>
[...]
</properties>
  <testcase name="calcularSemanasConFormatoInvalidoTest" classname="mainTests.MainTests" time="0.002"/>
  <testcase name="calcularSemanasIncorrectasTest" classname="mainTests.MainTests" time="0"/>
  <testcase name="calcularSemanasTest" classname="mainTests.MainTests" time="0.001"/>
  <testcase name="calcularSemanasSinFechaFinalTest" classname="mainTests.MainTests" time="0"/>
  <testcase name="calcularSemanasFechaInicioIgualFinal" classname="mainTests.MainTests" time="0"/>
</testsuite>